<?xml version="1.0" encoding="UTF-8"?>
<!-- Generated by org.testng.reporters.JUnitReportReporter -->
<testsuite hostname="DELL" name="MyFirstTest" tests="1" failures="0" timestamp="28 May 2018 13:30:13 GMT" time="0.080" errors="0">
  <testcase name="homepage" time="0.080" classname="MyFirstTest"/>
</testsuite> <!-- MyFirstTest -->
