<?xml version="1.0" encoding="UTF-8"?>
<!-- Generated by org.testng.reporters.JUnitReportReporter -->
<testsuite hostname="DELL" name="pack.MyFirstTest" tests="1" failures="0" timestamp="29 May 2018 18:48:06 GMT" time="21.389" errors="0">
  <testcase name="homepage" time="21.389" classname="pack.MyFirstTest"/>
</testsuite> <!-- pack.MyFirstTest -->
