<?xml version="1.0" encoding="UTF-8"?>
<!-- Generated by org.testng.reporters.JUnitReportReporter -->
<testsuite hostname="DELL" name="pack.MyFirstTest" tests="1" failures="0" timestamp="30 May 2018 09:59:00 GMT" time="44.696" errors="0">
  <testcase name="homepage" time="44.696" classname="pack.MyFirstTest"/>
</testsuite> <!-- pack.MyFirstTest -->
